[0musage:
. live decoding      > adb logcat | skynet.pl
. with timing        > adb logcat -v time | skynet.pl
. with logcat store  > adb logcat -v time | skynet.pl -logcat=[file_name]
. with decoded store > adb logcat -v time | skynet.pl -decode=[file_name]
. with debug traces  > adb logcat -v time | skynet.pl -debug
. only dump          > adb logcat -v time -d | skynet.pl
. with BrcmNfcJni    > adb logcat -v time -d | skynet.pl BrcmNfcJni
. with Nfc stack     > adb logcat -v time -d | skynet.pl Nfc
. decode a file      > more mylog.txt | skynet.pl (windows)
. decode a file      > cat mylog.txt | skynet.pl (Linux)
Default modules: NxpNciX and NxpNciR
NCI/LLCP/T2T/T3T/T4T/MFC/MFUL/MFD/NDEF/HCI
# Andre/Ronan/Alexandre/Nicolas/Vincent - 05/06/2015 - V2.07

[1;33mMW Version: NFC_NCIHAL2_AR3.2.0
[0m[0m
*** HARD POWER DOWN ***
[0m
***    NCI MODE     ***

[0m22:47:55.100 --> 20000101   -=([1;31mCORE_RESET_CMD[0m)=- Reset Configuration[0m[0m
[0m22:47:55.130     400003001001[0m
[0m22:47:55.130 --> 200100   -=(CORE_INIT_CMD)=-   NCI1.0[0m[0m
[0m22:47:55.130     40011700030E03000600010203818202C800FF02000415080126   [1;33mPN65T   FW version: 08.01.26[0m[0m
[0m22:47:55.140 --> 20030301A005   -=(CORE_GET_CONFIG_CMD)=-[0m
[0m22:47:55.140     4003060001A0050100   
                 [0;33m IRQ_POLARITY_CFG:00[0m[0m
[1;30mFile: FW Major Version Num - 1
[0m[1;30mFile: FW Minor Version Num - 26
[0m[0m22:47:55.140 --> 20000101   -=([1;31mCORE_RESET_CMD[0m)=- Reset Configuration[0m[0m
[0m22:47:55.170     400003001001[0m
[0m22:47:55.170 --> 200100   -=(CORE_INIT_CMD)=-   NCI1.0[0m[0m
[0m22:47:55.180     40011700030E03000600010203818202C800FF02000415080126   [1;33mPN65T   FW version: 08.01.26[0m[0m
[0m22:47:55.180 --> 2F0200   -=(NCI_PROPRIETARY_ACT_CMD)=-[0m
[0m22:47:55.180     4F020500000091F1[0m
[0m22:47:55.180 --> 20030703A002A003A004   -=(CORE_GET_CONFIG_CMD)=-[0m
[0m22:47:55.180     40030E0003A0020101A0030108A0040101   
                 [0;33m CLOCK_REQUEST_CFG:01 CLOCK_SEL_CFG:08 CLOCK_TO_CFG:01[0m[0m
[0m22:47:55.180 --> 20020501A0440100   -=(CORE_SET_CONFIG_CMD)=-
                 [0;33m POLL_PROFILE_SEL_CFG:00[0m[0m
[0m22:47:55.190     4002020000[0m
[0m22:47:55.190 --> 2F000101   -=(CORE_SET_POWER_MODE_CMD)=- Standby Mode enabled[0m[0m
[0m22:47:55.190     4F000100[0m
[0m22:47:55.200 --> 20022B0D1801012101002801003001083101033304010203045001025401065B010060010E80010181010182010E   -=(CORE_SET_CONFIG_CMD)=-
                 [0;33m PF_BIT_RATE:01 PI_BIT_RATE:00 PN_NFC_DEP_SPEED:00 LA_BIT_FRAME_SDD:08 LA_PLATFORM_CONFIG:03
                  LA_NFCID1:01020304 LF_PROTOCOL_TYPE:02 LF_CON_BITR_F:06 LI_BIT_RATE:00 LN_WT:0E RF_FIELD_INFO:01
                  RF_NFCEE_ACTION:01 NFCDEP_OP:0E[0m[0m
[0m22:47:55.240     4002020000[0m
[0m22:47:55.240 --> 21010700010103000105   -=(RF_SET_LISTEN_MODE_ROUTING_CMD)=-[1;30m
                  Power state: ScrOff | ScrLck | RFU | RFU | RFU | PbF | PhOff | PhOn[0;33m
                  Proto [Route:00, Power:01, Proto:NfcDep][0m[0m
[0m22:47:55.240     41010100[0m
[0m22:47:55.250 --> 20020501A0F10100   -=(CORE_SET_CONFIG_CMD)=-
                 [0;33m SWP_PWR_MODE_CFG:00[0m[0m
[0m22:47:55.250     4002020000[0m
[0m22:47:55.250 --> 20020501A0910101   -=(CORE_SET_CONFIG_CMD)=-
                 [0;33m AID_MATCH_CFG:01[0m[0m
[0m22:47:55.260     4002020000[0m
[0m22:47:55.260 --> 21000A03040302050303800180   -=(RF_DISCOVER_MAP_CMD)=-[0;33m
                  Proto:IsoDep Mode:Poll&Listen Intf:IsoDep
                  Proto:NfcDep Mode:Poll&Listen Intf:NfcDep
                  Proto:Mifare Mode:Poll Intf:TAG-CMD[0m[0m
[0m22:47:55.280     41000100[0m
[0m22:47:55.280 --> 22000101   -=(NFCEE_DISCOVER_CMD)=- enabled[0m[0m
[0m22:47:55.280     4200020001   [0m
[0m22:47:55.290     6200050101010100   <<NFCEE_DISCOVER_NTF>> 01 disabled:HCI Access [0m[0m
[0m22:47:55.290 --> 200406030101020101   -=(CORE_CONN_CREATE_CMD)=- NFCEE
                 [0;33m 01 HCI Access[0m[0m
[0m22:47:55.290     40040400FF0103[0m
[0m22:47:55.290 --> 030004810103C0[1;35m HCI admin: set whitelist[0m[0m
[0m22:47:55.300     600603010301   <<CORE_CONN_CREDITS_NTF>>[0m
[0m22:47:55.300     0300028180[1;35m HCI admin: any ok[0m[0m
[0m22:47:55.300 --> 030003810201[1;35m HCI admin: get session id[0m[0m
[0m22:47:55.300     600603010301   <<CORE_CONN_CREDITS_NTF>>[0m
[0m22:47:55.310     03000A818008B4FFFF02B4FFFF[1;35m HCI admin: any ok[0m[0m
[0m22:47:55.310 --> 2201020101   -=(NFCEE_MODE_SET_CMD)=- enabled 01[0m[0m
[0m22:47:55.310     42010100[0m
[0m22:47:55.320     620005C000018000   <<NFCEE_DISCOVER_NTF>> C0 enabled:Proprietary HCI-based NFCEE access [0m[0m
[0m22:47:55.320     610A06010003C08004   <<RF_NFCEE_DISCOVERY_REQ_NTF>> add:C0-Apl-IsoDep[0m[0m
[0m22:47:55.320     610A06010003C08104   <<RF_NFCEE_DISCOVERY_REQ_NTF>> add:C0-Bpl-IsoDep[0m[0m
[0m22:47:55.330     6200050202018000   <<NFCEE_DISCOVER_NTF>> 02 removed:Proprietary HCI-based NFCEE access [0m[0m
[0m22:47:55.470 --> 030003810204[1;35m HCI admin: get host list[0m[0m
[0m22:47:55.480     600603010301   <<CORE_CONN_CREDITS_NTF>>[0m
[0m22:47:55.480     030004818000C0[1;35m HCI admin: any ok[0m[0m
[0m22:47:55.490 --> 20030301A0F0   -=(CORE_GET_CONFIG_CMD)=-[0m
[0m22:47:55.490     4003490001A0F0440202000000000000000000000020040000000000000000000000000000000000800101000001020200000000000000007100000000000000000000000000000000000001   
                 [0;33m RF_PARAM_CE_eSE:0202000000000000...[0m[0m
[0m22:47:55.500 --> 20030502A0ECA0ED   -=(CORE_GET_CONFIG_CMD)=-[0m
[0m22:47:55.500     40030A0002A0EC0101A0ED0103   
                 [0;33m SWP_INT1_EN_CFG:01 SWP_INT2_EN_CFG:03[0m[0m
[0m22:47:55.500 --> 20030301A0EB   -=(CORE_GET_CONFIG_CMD)=-[0m
[0m22:47:55.500     40030D0001A0EB08D48C3D398A5FC5DE   
                 [0;33m SWP_SESSIONID_INT2:D48C3D398A5FC5DE[0m[0m
[0m22:47:55.500 --> 20030301A0EF   -=(CORE_GET_CONFIG_CMD)=-[0m
[0m22:47:55.510     4003490001A0EF440202044000000200000000000038040001FF0000000000000000000000000000700101000001020200000000100000007000000000000000000000000000000000000001   
                 [0;33m RF_PARAM_CE_UICC:0202044000000200...[0m[0m
[0m22:47:55.510 --> 20020501A0C00106   -=(CORE_SET_CONFIG_CMD)=-
                 [0;33m SWP_BITRATE_INT1:06[0m[0m
[0m22:47:55.510     4002020000[0m
[0m22:47:55.510 --> 20020501A0070103   -=(CORE_SET_CONFIG_CMD)=-
                 [0;33m VEN_CFG:03[0m[0m
[0m22:47:55.520     4002020000[0m
[0m22:47:55.540 --> 21011B000501030001050003C0C3000003C0C3010103C0C3040103C0C1A0   -=(RF_SET_LISTEN_MODE_ROUTING_CMD)=-[1;30m
                  Power state: ScrOff | ScrLck | RFU | RFU | RFU | PbF | PhOff | PhOn[0;33m
                  Proto [Route:00, Power:01, Proto:NfcDep]
                  Techo [Route:C0, Power:C3, Techno:A]
                  Techo [Route:C0, Power:C3, Techno:B]
                  Proto [Route:C0, Power:C3, Proto:IsoDep]
                  Proto [Route:C0, Power:C1, Proto:Select_7816][0m[0m
[0m22:47:55.550     41010100[0m
[0m22:47:56.550 --> 20020702320120500100   -=(CORE_SET_CONFIG_CMD)=-
                 [0;33m LA_SEL_INFO:20 LF_PROTOCOL_TYPE:00[0m[0m
[0m22:47:56.560     4002020000[0m
[0m22:47:56.560 --> 200205010002F401   -=(CORE_SET_CONFIG_CMD)=-
                 [0;33m TOTAL_DURATION:F401[0m[0m
[0m22:47:56.570     4002020000[0m
[0m22:47:56.570 --> 21030703800181018201   -=([1;32mRF_DISCOVER_CMD[0m)=-
                 [0;33m Apl Bpl Fpl[0m[0m
[0m22:47:56.570     41030100[0m
[0m22:47:56.570 --> 21060100   -=(RF_DEACTIVATE_CMD)=- Idle[0m[0m
[0m22:47:56.570     41060100[0m
[0m22:47:56.580 --> 20021701291446666D010111020207FF03020013040164070103   -=(CORE_SET_CONFIG_CMD)=-
                 [0;33m PN_ATR_REQ_GEN_BYTES:46666D0101110202...[0m[0m
[0m22:47:56.590     4002020000[0m
[0m22:47:56.590 --> 20021A02611446666D010111020207FF03020013040164070103600107   -=(CORE_SET_CONFIG_CMD)=-
                 [0;33m LN_ATR_RES_GEN_BYTES:46666D0101110202... LN_WT:07[0m[0m
[0m22:47:56.600     4002020000[0m
[0m22:47:56.600 --> 20020401500102   -=(CORE_SET_CONFIG_CMD)=-
                 [0;33m LF_PROTOCOL_TYPE:02[0m[0m
[0m22:47:56.610     4002020000[0m
[0m22:47:56.610 --> 2103190C000101010201030105018001810182018301850106017701   -=([1;32mRF_DISCOVER_CMD[0m)=-
                 [0;33m App Bpp Fpp Aap Fap Apl Bpl Fpl Aal Fal 15693pp ???[0m[0m
[0m22:47:56.610     41030100[0m
[0m22:47:56.610 --> 220102C000   -=(NFCEE_MODE_SET_CMD)=- disabled C0[0m[0m
[0m22:47:56.620     42010100[0m
[0m22:47:56.630 --> 220102C001   -=(NFCEE_MODE_SET_CMD)=- enabled C0[0m[0m
[0m22:47:56.630     42010100[0m
[0m22:47:56.640 --> 21060100   -=(RF_DEACTIVATE_CMD)=- Idle[0m[0m
[0m22:47:56.650     41060100[0m
[0m22:47:56.650 --> 03000799500070000001[1;35m HCI SMX wired APDU: data exchange[0m[0m
[0m22:47:56.660     600603010301   <<CORE_CONN_CREDITS_NTF>>[0m
[0m22:47:56.690     0300059950019000[1;35m HCI SMX wired APDU: data exchange[0m[0m
[0m22:47:56.700 --> 030011995001A4040009A00000015141434C0000[1;35m HCI SMX wired APDU: data exchange[0m[0m
[0m22:47:56.700     600603010301   <<CORE_CONN_CREDITS_NTF>>[0m
[0m22:47:56.710     03003199506F2684A51F9F65009F66033130309F670676312E332E389F680952696368486F7573659F69019F6A109F6B041E9000[1;35m HCI SMX wired APDU: data exchange[0m[0m
[0m22:47:56.720 --> 030007995081CADF20F0[1;35m HCI SMX wired APDU: data exchange[0m[0m
[0m22:47:56.720     600603010301   <<CORE_CONN_CREDITS_NTF>>[0m
[0m22:47:56.730     03000F9950DF2008AD99E25838FC71CD9000[1;35m HCI SMX wired APDU: data exchange[0m[0m
[0m22:47:56.730 --> 030006995001708001[1;35m HCI SMX wired APDU: data exchange[0m[0m
[0m22:47:56.740     600603010301   <<CORE_CONN_CREDITS_NTF>>[0m
[0m22:47:56.740     03000499509000[1;35m HCI SMX wired APDU: data exchange[0m[0m
[0m22:47:56.750 --> 0300029961[1;35m HCI SMX wired APDU: end of APDU transfer[0m[0m
[0m22:47:56.750 --> 20030201C2   -=(CORE_GET_CONFIG_CMD)=-[0m
[0m22:47:56.750     600603010301   <<CORE_CONN_CREDITS_NTF>>[0m
[0m22:47:56.750     4003040901C200   [1;31mOUPS! status invalid param[0m[0m
[0m22:47:56.750 --> 2103190C000101010201030105018001810182018301850106017701   -=([1;32mRF_DISCOVER_CMD[0m)=-
                 [0;33m App Bpp Fpp Aap Fap Apl Bpl Fpl Aal Fal 15693pp ???[0m[0m
[0m22:47:56.760     41030100[0m
