## open nfc
01-03 06:48:56.801  1227  1719 D NxpNciX : len =   4 > 20000101
01-03 06:48:56.828  1227  1718 D NxpNciR : len =   6 > 400003001101
01-03 06:48:56.836  1227  1719 D NxpNciX : len =   3 > 200100
01-03 06:48:56.838  1227  1718 D NxpNciR : len =  28 > 40011900031E030008000102038081828302D002FF0200043810011A
01-03 06:48:56.842  1227  1719 D NxpNciX : len =   6 > 20030301A005
01-03 06:48:56.845  1227  1718 D NxpNciR : len =   9 > 4003060001A0050100
01-03 06:48:56.851  1227  1719 D NxpNciX : len =   4 > 20000101
01-03 06:48:56.855  1227  1718 D NxpNciR : len =   6 > 400003001101
01-03 06:48:56.858  1227  1719 D NxpNciX : len =   3 > 200100
01-03 06:48:56.863  1227  1718 D NxpNciR : len =  28 > 40011900031E030008000102038081828302D002FF0200043810011A
01-03 06:48:56.865  1227  1719 D NxpNciX : len =   3 > 2F0200
01-03 06:48:56.867  1227  1718 D NxpNciR : len =   8 > 4F0205000000A1A8
01-03 06:48:56.872  1227  1719 D NxpNciX : len =  10 > 20030703A002A003A004
01-03 06:48:56.875  1227  1718 D NxpNciR : len =  17 > 40030E0003A0020101A0030111A004011A
01-03 06:48:56.879  1227  1719 D NxpNciX : len =  12 > 20020902A0030111A004011A
01-03 06:48:56.881  1227  1718 D NxpNciR : len =   5 > 4002020000
01-03 06:48:56.884  1227  1719 D NxpNciX : len =  26 > 20021702A0EA08FFFFFFFFFFFFFFFFA0EB08FFFFFFFFFFFFFFFF
01-03 06:48:56.886  1227  1718 D NxpNciR : len =   5 > 4002020000
01-03 06:48:56.889  1227  1719 D NxpNciX : len =   8 > 20020501A0440100
01-03 06:48:56.891  1227  1718 D NxpNciR : len =   5 > 4002020000
01-03 06:48:56.893  1227  1719 D NxpNciX : len =  14 > 20020B02A0660100A00E03020900
01-03 06:48:56.895  1227  1718 D NxpNciR : len =   5 > 4002020000
01-03 06:48:56.899  1227  1719 D NxpNciX : len =  28 > 20021906A0EC0101A0ED0100A05E0101A0400101A0DD012DA0960101
01-03 06:48:56.902  1227  1718 D NxpNciR : len =   5 > 4002020000
01-03 06:48:56.904  1227  1719 D NxpNciX : len =   8 > 20020501A0620101
01-03 06:48:56.906  1227  1718 D NxpNciR : len =   5 > 4002020000
01-03 06:48:56.908  1227  1719 D NxpNciX : len =   9 > 20020601A0F3021027
01-03 06:48:56.911  1227  1718 D NxpNciR : len =   5 > 4002020000
01-03 06:48:56.913  1227  1719 D NxpNciX : len =   6 > 20030301A085
01-03 06:48:56.915  1227  1718 D NxpNciR : len =  12 > 4003090001A0850450082800
01-03 06:48:56.918  1227  1719 D NxpNciX : len =   4 > 2F000101
01-03 06:48:56.919  1227  1718 D NxpNciR : len =   4 > 4F000100
01-03 06:48:56.922  1227  1719 D NxpNciX : len =  46 > 20022B0D2801002101003001083101033304010203045401065001025B010060010E80010181010182010E180101
01-03 06:48:56.943  1227  1718 D NxpNciR : len =   5 > 4002020000
01-03 06:48:56.945  1227  1719 D NxpNciX : len =  10 > 21010700010103000105
01-03 06:48:56.953  1227  1718 D NxpNciR : len =   4 > 41010100
01-03 06:48:56.956  1227  1719 D NxpNciX : len =   8 > 20020501A0F10100
01-03 06:48:56.958  1227  1718 D NxpNciR : len =   5 > 4002020000
01-03 06:48:56.961  1227  1719 D NxpNciX : len =   8 > 20020501A0910101
01-03 06:48:56.963  1227  1718 D NxpNciR : len =   5 > 4002020000
01-03 06:48:56.966  1227  1719 D NxpNciX : len =  16 > 21000D04040302050303800180030201
01-03 06:48:56.983  1227  1718 D NxpNciR : len =   4 > 41000100
01-03 06:48:56.985  1227  1719 D NxpNciX : len =   4 > 22000101
01-03 06:48:56.990  1227  1718 D NxpNciR : len =   5 > 4200020001
01-03 06:48:56.994  1227  1718 D NxpNciR : len =   8 > 6200050101010100
01-03 06:48:56.997  1227  1719 D NxpNciX : len =   9 > 200406030101020101
01-03 06:48:56.998  1227  1718 D NxpNciR : len =   7 > 40040400FF0103
01-03 06:48:57.001  1227  1719 D NxpNciX : len =   5 > 0300028103
01-03 06:48:57.003  1227  1718 D NxpNciR : len =   6 > 600603010301
01-03 06:48:57.007  1227  1718 D NxpNciR : len =   5 > 0300028180
01-03 06:48:57.011  1227  1719 D NxpNciX : len =   8 > 03000581010302C0
01-03 06:48:57.012  1227  1718 D NxpNciR : len =   6 > 600603010301
01-03 06:48:57.017  1227  1718 D NxpNciR : len =   5 > 0300028180
01-03 06:48:57.019  1227  1719 D NxpNciX : len =  14 > 03000B810101D196FFFFCC96FFFF
01-03 06:48:57.027  1227  1718 D NxpNciR : len =   6 > 600603010301
01-03 06:48:57.031  1227  1718 D NxpNciR : len =   5 > 0300028180
01-03 06:48:57.034  1227  1719 D NxpNciX : len =   5 > 2201020101
01-03 06:48:57.039  1227  1718 D NxpNciR : len =   4 > 42010100
01-03 06:48:57.043  1227  1718 D NxpNciR : len =   8 > 6200050202018000
01-03 06:48:57.198  1227  1719 D NxpNciX : len =   6 > 030003810204
01-03 06:48:57.201  1227  1718 D NxpNciR : len =   6 > 600603010301
01-03 06:48:57.207  1227  1718 D NxpNciR : len =   7 > 030004818000C0
01-03 06:48:57.224  1227  1719 D NxpNciX : len =   6 > 20030301A0F0
01-03 06:48:57.240  1227  1718 D NxpNciR : len =  77 > 40034A0001A0F04500FF000000000000000000000000000000000000000000000000000000000000EE000103030000FF000000000000000000E400000000000000000000000000000000030300
01-03 06:48:57.245  1227  1719 D NxpNciX : len =   8 > 20030502A0ECA0ED
01-03 06:48:57.248  1227  1718 D NxpNciR : len =  13 > 40030A0002A0EC0101A0ED0100
01-03 06:48:57.252  1227  1719 D NxpNciX : len =   6 > 20030301A0EF
01-03 06:48:57.257  1227  1718 D NxpNciR : len =  77 > 40034A0001A0EF4500FF000000000000000000000000000000000000000000000000000000000000EE000103030000FF000000000000000000E400000000000000000000000000000000030300
01-03 06:48:57.261  1227  1719 D NxpNciX : len =   8 > 20020501A0C00104
01-03 06:48:57.263  1227  1718 D NxpNciR : len =   5 > 4002020000
01-03 06:48:57.267  1227  1719 D NxpNciX : len =   8 > 20020501A0070103
01-03 06:48:57.269  1227  1718 D NxpNciR : len =   5 > 4002020000
01-03 06:48:57.305  1227  1719 D NxpNciX : len =   4 > 2F150100
01-03 06:48:57.314  1227  1718 D NxpNciR : len =   4 > 4F150100
01-03 06:48:57.336  1227  1719 D NxpNciX : len =  25 > 21011600040103004103010300410401030041A00103000105
01-03 06:48:57.344  1227  1718 D NxpNciR : len =   4 > 41010100
01-03 06:48:58.407  1227  1719 D NxpNciX : len =  19 > 20021005320120300104310100380101500100
01-03 06:48:58.425  1227  1718 D NxpNciR : len =   5 > 4002020000
01-03 06:48:58.430  1227  1719 D NxpNciX : len =   8 > 200205010002F401
01-03 06:48:58.436  1227  1718 D NxpNciR : len =   5 > 4002020000
01-03 06:48:58.440  1227  1719 D NxpNciX : len =   8 > 2103050280018101
01-03 06:48:58.443  1227  1718 D NxpNciR : len =   4 > 41030100
01-03 06:48:58.448  1227  1719 D NxpNciX : len =   4 > 21060100
01-03 06:48:58.452  1227  1718 D NxpNciR : len =   4 > 41060100
01-03 06:48:58.458  1227  1719 D NxpNciX : len =   5 > 20030201B9
01-03 06:48:58.460  1227  1718 D NxpNciR : len =   7 > 4003040901B900
01-03 06:48:58.466  1227  1719 D NxpNciX : len =  26 > 20021701291446666D010112020207FF03020013040164070103
01-03 06:48:58.474  1227  1718 D NxpNciR : len =   5 > 4002020000
01-03 06:48:58.478  1227  1719 D NxpNciX : len =  29 > 20021A02611446666D010112020207FF03020013040164070103600107
01-03 06:48:58.493  1227  1718 D NxpNciR : len =   5 > 4002020000
01-03 06:48:58.496  1227  1719 D NxpNciX : len =  16 > 20020D04320160310100380101500102
01-03 06:48:58.505  1227  1718 D NxpNciR : len =   5 > 4002020000
01-03 06:48:58.508  1227  1719 D NxpNciX : len =  28 > 2103190C000101010201030105018001810182018301850106017001
01-03 06:48:58.511  1227  1718 D NxpNciR : len =   4 > 41030100
## p2p test
01-18 16:04:59.134  2198  9872 D NxpNciR : len =  20 > 6103110104000C44030740000000000017012002
01-18 16:04:59.136  2198  9872 D NxpNciR : len =  20 > 6103110280000C44030740000000000017010800
01-18 16:04:59.136  2198  9873 D NxpNciX : len =   6 > 210403010402
01-18 16:04:59.137  2198  9872 D NxpNciR : len =   4 > 41040100
01-18 16:04:59.140  2198  9872 D NxpNciR : len =  32 > 61051D01020400FF010C44030740000000000017012000000006057880780280
01-18 16:04:59.142  2198  9873 D NxpNciX : len =   4 > 21060101
01-18 16:04:59.143  2198  9872 D NxpNciR : len =   4 > 41060100
01-18 16:04:59.227  2198  9872 D NxpNciR : len =   5 > 6106020100
01-18 16:04:59.228  2198  9873 D NxpNciX : len =   6 > 210403028080
01-18 16:04:59.229  2198  9872 D NxpNciR : len =   4 > 41040100
01-18 16:04:59.236  2198  9872 D NxpNciR : len =  26 > 61051702808000FF010C44030740000000000017010800000000
01-18 16:04:59.238  2198  9873 D NxpNciX : len =   4 > 21060101
01-18 16:04:59.239  2198  9872 D NxpNciR : len =   4 > 41060100
01-18 16:04:59.241  2198  9872 D NxpNciR : len =   5 > 6106020100
01-18 16:04:59.242  2198  9873 D NxpNciX : len =   6 > 210403010402
01-18 16:04:59.243  2198  9872 D NxpNciR : len =   4 > 41040100
01-18 16:04:59.249  2198  9872 D NxpNciR : len =  32 > 61051D01020400FF010C44030740000000000017012000000006057880780280
01-18 16:04:59.268  2198  9873 D NxpNciX : len =   8 > 0000059060000000
01-18 16:04:59.269  2198  9872 D NxpNciR : len =   6 > 600603010001
01-18 16:04:59.340  2198  9872 D NxpNciR : len =  12 > 00000940017401011A0591AF
01-18 16:04:59.341  2198  9873 D NxpNciX : len =   4 > 21060101
01-18 16:04:59.342  2198  9872 D NxpNciR : len =   4 > 41060100
01-18 16:04:59.345  2198  9872 D NxpNciR : len =   5 > 6106020100
01-18 16:04:59.347  2198  9873 D NxpNciX : len =   6 > 210403010402
01-18 16:04:59.347  2198  9872 D NxpNciR : len =   4 > 41040100
01-18 16:04:59.357  2198  9872 D NxpNciR : len =  32 > 61051D01020400FF010C44030740000000000017012000000006057880780280
01-18 16:04:59.358  2198  9873 D NxpNciX : len =  16 > 00000D00A4040007D276000085010100
01-18 16:04:59.359  2198  9872 D NxpNciR : len =   6 > 600603010001
01-18 16:04:59.446  2198  9872 D NxpNciR : len =   5 > 0000026999
01-18 16:04:59.447  2198  9873 D NxpNciX : len =  15 > 00000C00A4040007D2760000850100
01-18 16:04:59.448  2198  9872 D NxpNciR : len =   6 > 600603010001
01-18 16:04:59.453  2198  9872 D NxpNciR : len =   5 > 0000029000
01-18 16:04:59.453  2198  9873 D NxpNciX : len =  10 > 00000700A4000002E103
01-18 16:04:59.454  2198  9872 D NxpNciR : len =   6 > 600603010001
01-18 16:04:59.458  2198  9872 D NxpNciR : len =   5 > 000002911C
01-18 16:04:59.459  2198  9873 D NxpNciX : len =   4 > 21060101
01-18 16:04:59.460  2198  9872 D NxpNciR : len =   4 > 41060100
01-18 16:04:59.463  2198  9872 D NxpNciR : len =   5 > 6106020100
01-18 16:04:59.464  2198  9873 D NxpNciX : len =   6 > 210403010401
01-18 16:04:59.465  2198  9872 D NxpNciR : len =   4 > 41040100
01-18 16:04:59.472  2198  9872 D NxpNciR : len =  26 > 61051701010400FF010C44030740000000000017012000000000
01-18 16:04:59.474  2198  9873 D NxpNciX : len =   4 > 21060101
01-18 16:04:59.475  2198  9872 D NxpNciR : len =   4 > 41060100
01-18 16:04:59.477  2198  9872 D NxpNciR : len =   5 > 6106020100
01-18 16:04:59.478  2198  9873 D NxpNciX : len =   6 > 210403028080
01-18 16:04:59.479  2198  9872 D NxpNciR : len =   4 > 41040100
01-18 16:04:59.483  2198  9872 D NxpNciR : len =  26 > 61051702808000FF010C44030740000000000017010800000000
01-18 16:04:59.484  2198  9873 D NxpNciX : len =   6 > 000003400000
01-18 16:04:59.485  2198  9872 D NxpNciR : len =   6 > 600603010001
01-18 16:04:59.489  2198  9872 D NxpNciR : len =   5 > 0000024003
01-18 16:04:59.490  2198  9873 D NxpNciX : len =   4 > 21060101
01-18 16:04:59.491  2198  9872 D NxpNciR : len =   4 > 41060100
01-18 16:04:59.492  2198  9872 D NxpNciR : len =   5 > 6106020100
01-18 16:04:59.493  2198  9873 D NxpNciX : len =   6 > 210403010402
01-18 16:04:59.494  2198  9872 D NxpNciR : len =   4 > 41040100
01-18 16:04:59.501  2198  9872 D NxpNciR : len =  32 > 61051D01020400FF010C44030740000000000017012000000006057880780280
01-18 16:04:59.502  2198  9873 D NxpNciX : len =  16 > 00000D00A4040007D276000085010100
01-18 16:04:59.503  2198  9872 D NxpNciR : len =   6 > 600603010001
01-18 16:04:59.590  2198  9872 D NxpNciR : len =   5 > 0000026999
01-18 16:04:59.592  2198  9873 D NxpNciX : len =  15 > 00000C00A4040007D2760000850100
01-18 16:04:59.592  2198  9872 D NxpNciR : len =   6 > 600603010001
01-18 16:04:59.597  2198  9872 D NxpNciR : len =   5 > 0000029000
01-18 16:04:59.598  2198  9873 D NxpNciX : len =  10 > 00000700A4000002E103
01-18 16:04:59.599  2198  9872 D NxpNciR : len =   6 > 600603010001
01-18 16:04:59.603  2198  9872 D NxpNciR : len =   5 > 000002911C
01-18 16:04:59.605  2198  9873 D NxpNciX : len =   4 > 21060101
01-18 16:04:59.606  2198  9872 D NxpNciR : len =   4 > 41060100
01-18 16:04:59.609  2198  9872 D NxpNciR : len =   5 > 6106020100
01-18 16:04:59.610  2198  9873 D NxpNciX : len =   6 > 210403010401
01-18 16:04:59.611  2198  9872 D NxpNciR : len =   4 > 41040100
01-18 16:04:59.618  2198  9872 D NxpNciR : len =  26 > 61051701010400FF010C44030740000000000017012000000000
01-18 16:04:59.620  2198  9873 D NxpNciX : len =   4 > 21060101
01-18 16:04:59.621  2198  9872 D NxpNciR : len =   4 > 41060100
01-18 16:04:59.622  2198  9872 D NxpNciR : len =   5 > 6106020100
01-18 16:04:59.623  2198  9873 D NxpNciX : len =   6 > 210403010402
01-18 16:04:59.624  2198  9872 D NxpNciR : len =   4 > 41040100
01-18 16:04:59.631  2198  9872 D NxpNciR : len =  32 > 61051D01020400FF010C44030740000000000017012000000006057880780280
01-18 16:04:59.759  2198  9873 D NxpNciX : len =   3 > 2F1100
01-18 16:04:59.759  2198  9872 D NxpNciR : len =   4 > 4F110100
01-18 16:04:59.763  2198  9872 D NxpNciR : len =   4 > 6F110101
01-18 16:04:59.992  2198  9873 D NxpNciX : len =   3 > 2F1100
01-18 16:04:59.993  2198  9872 D NxpNciR : len =   4 > 4F110100
01-18 16:05:00.118  2198  9872 D NxpNciR : len =   4 > 6F110100
01-18 16:05:00.219  2198  9873 D NxpNciX : len =   4 > 21060103
01-18 16:05:00.220  2198  9872 D NxpNciR : len =   4 > 41060100
01-18 16:05:00.221  2198  9872 D NxpNciR : len =   5 > 6106020300
01-18 16:05:03.615  2198  9872 D NxpNciR : len =  20 > 6103110104000C44030740000000000017012002
01-18 16:05:03.617  2198  9872 D NxpNciR : len =  20 > 6103110280000C44030740000000000017010800
01-18 16:05:03.619  2198  9873 D NxpNciX : len =   4 > 21060100
01-18 16:05:03.620  2198  9872 D NxpNciR : len =   4 > 41060100
01-18 16:05:03.622  2198  9873 D NxpNciX : len =  10 > 20020702310100380101
01-18 16:05:03.623  2198  9872 D NxpNciR : len =   5 > 4002020000
01-18 16:05:03.624  2198  9873 D NxpNciX : len =  16 > 21030D06020180018101820183018501
01-18 16:05:03.626  2198  9872 D NxpNciR : len =   4 > 41030100
01-18 16:05:03.658  2198  9872 D NxpNciR : len =  68 > 61054101030502FB0112011001FE924ABD6EEFA3FFFFFFFFFFFFFFFF020202242301FE924ABD6EEFA300000000000E3246666D010112020207FF03020013040164070103
01-18 16:05:03.723  2198  9873 D NxpNciX : len =   5 > 0000020000
01-18 16:05:03.724  2198  9872 D NxpNciR : len =   6 > 600603010001
01-18 16:05:05.175  2198  9873 D NxpNciX : len =   4 > 21060103
01-18 16:05:05.177  2198  9872 D NxpNciR : len =   4 > 41060100
01-18 16:05:05.178  2198  9872 D NxpNciR : len =   5 > 600802B200
01-18 16:05:05.178  2198  9872 D NxpNciR : len =   5 > 6106020300
01-18 16:05:05.181  2198  9873 D NxpNciX : len =   4 > 21060100
01-18 16:05:05.182  2198  9872 D NxpNciR : len =   4 > 41060100
01-18 16:05:05.185  2198  9873 D NxpNciX : len =  10 > 20020702310100380101
01-18 16:05:05.186  2198  9872 D NxpNciR : len =   5 > 4002020000
01-18 16:05:05.188  2198  9873 D NxpNciX : len =  28 > 2103190C000101010201030105018001810182018301850106017001
01-18 16:05:05.189  2198  9872 D NxpNciR : len =   4 > 41030100
01-18 16:05:05.221  2198  9872 D NxpNciR : len =  20 > 6103110104000C44030740000000000017012002
01-18 16:05:05.223  2198  9872 D NxpNciR : len =  20 > 6103110280000C44030740000000000017010800
01-18 16:05:05.225  2198  9873 D NxpNciX : len =   4 > 21060100
01-18 16:05:05.226  2198  9872 D NxpNciR : len =   4 > 41060100
01-18 16:05:05.230  2198  9873 D NxpNciX : len =  10 > 20020702310100380101
01-18 16:05:05.231  2198  9872 D NxpNciR : len =   5 > 4002020000
01-18 16:05:05.232  2198  9873 D NxpNciX : len =  16 > 21030D06020180018101820183018501
01-18 16:05:05.234  2198  9872 D NxpNciR : len =   4 > 41030100
01-18 16:05:05.264  2198  9872 D NxpNciR : len =  68 > 61054101030502FB0112011001FE048FDFAA31FAFFFFFFFFFFFFFFFF020202242301FE048FDFAA31FA00000000000E3246666D010112020207FF03020013040164070103
01-18 16:05:05.335  2198  9873 D NxpNciX : len =   5 > 0000020000
01-18 16:05:05.336  2198  9872 D NxpNciR : len =   6 > 600603010001
01-18 16:05:06.822  2198  9873 D NxpNciX : len =   4 > 21060103
01-18 16:05:06.824  2198  9872 D NxpNciR : len =   4 > 41060100
01-18 16:05:06.827  2198  9872 D NxpNciR : len =   5 > 600802B200
01-18 16:05:06.829  2198  9872 D NxpNciR : len =   5 > 6106020300
01-18 16:05:06.835  2198  9873 D NxpNciX : len =   4 > 21060100
01-18 16:05:06.836  2198  9872 D NxpNciR : len =   4 > 41060100
01-18 16:05:06.840  2198  9873 D NxpNciX : len =  10 > 20020702310100380101
01-18 16:05:06.841  2198  9872 D NxpNciR : len =   5 > 4002020000
01-18 16:05:06.843  2198  9873 D NxpNciX : len =  28 > 2103190C000101010201030105018001810182018301850106017001
01-18 16:05:06.844  2198  9872 D NxpNciR : len =   4 > 41030100
01-18 16:05:07.416  2198  9872 D NxpNciR : len =  20 > 6103110104000C44030740000000000017012002
01-18 16:05:07.417  2198  9872 D NxpNciR : len =  20 > 6103110280000C44030740000000000017010800
01-18 16:05:07.420  2198  9873 D NxpNciX : len =   4 > 21060100
01-18 16:05:07.421  2198  9872 D NxpNciR : len =   4 > 41060100
01-18 16:05:07.423  2198  9873 D NxpNciX : len =  10 > 20020702310100380101
01-18 16:05:07.424  2198  9872 D NxpNciR : len =   5 > 4002020000
01-18 16:05:07.428  2198  9873 D NxpNciX : len =  16 > 21030D06020180018101820183018501
01-18 16:05:07.430  2198  9872 D NxpNciR : len =   4 > 41030100
01-18 16:05:07.462  2198  9872 D NxpNciR : len =  68 > 61054101030502FB0112011001FEE1A8A6AC2C67FFFFFFFFFFFFFFFF020202242301FEE1A8A6AC2C6700000000000E3246666D010112020207FF03020013040164070103
01-18 16:05:07.467  2198  9873 D NxpNciX : len =  26 > 0000170520061375726E3A6E66633A736E3A68616E646F766572
01-18 16:05:07.468  2198  9872 D NxpNciR : len =   6 > 600603010001
01-18 16:05:08.936  2198  9873 D NxpNciX : len =   4 > 21060103
01-18 16:05:08.938  2198  9872 D NxpNciR : len =   4 > 41060100
01-18 16:05:08.939  2198  9872 D NxpNciR : len =   5 > 600802B200
01-18 16:05:08.940  2198  9872 D NxpNciR : len =   5 > 6106020300
01-18 16:05:08.947  2198  9873 D NxpNciX : len =   4 > 21060100
01-18 16:05:08.948  2198  9872 D NxpNciR : len =   4 > 41060100
01-18 16:05:08.952  2198  9873 D NxpNciX : len =  10 > 20020702310100380101
01-18 16:05:08.953  2198  9872 D NxpNciR : len =   5 > 4002020000
01-18 16:05:08.955  2198  9873 D NxpNciX : len =  28 > 2103190C000101010201030105018001810182018301850106017001
01-18 16:05:08.956  2198  9872 D NxpNciR : len =   4 > 41030100
01-18 16:05:08.988  2198  9872 D NxpNciR : len =  20 > 6103110104000C44030740000000000017012002
01-18 16:05:08.989  2198  9872 D NxpNciR : len =  20 > 6103110280000C44030740000000000017010800
01-18 16:05:08.990  2198  9873 D NxpNciX : len =   4 > 21060100
01-18 16:05:08.991  2198  9872 D NxpNciR : len =   4 > 41060100
01-18 16:05:08.995  2198  9873 D NxpNciX : len =  10 > 20020702310100380101
01-18 16:05:08.996  2198  9872 D NxpNciR : len =   5 > 4002020000
01-18 16:05:08.997  2198  9873 D NxpNciX : len =  16 > 21030D06020180018101820183018501
01-18 16:05:08.998  2198  9872 D NxpNciR : len =   4 > 41030100
01-18 16:05:09.029  2198  9872 D NxpNciR : len =  68 > 61054101030502FB0112011001FEF239750AD972FFFFFFFFFFFFFFFF020202242301FEF239750AD97200000000000E3246666D010112020207FF03020013040164070103
01-18 16:05:09.035  2198  9873 D NxpNciX : len =  26 > 0000170520061375726E3A6E66633A736E3A68616E646F766572
01-18 16:05:09.036  2198  9872 D NxpNciR : len =   6 > 600603010001
01-18 16:05:10.498  2198  9873 D NxpNciX : len =   4 > 21060103
01-18 16:05:10.500  2198  9872 D NxpNciR : len =   4 > 41060100
01-18 16:05:10.502  2198  9872 D NxpNciR : len =   5 > 600802B200
01-18 16:05:10.504  2198  9872 D NxpNciR : len =   5 > 6106020300
01-18 16:05:10.510  2198  9873 D NxpNciX : len =   4 > 21060100
01-18 16:05:10.511  2198  9872 D NxpNciR : len =   4 > 41060100
01-18 16:05:10.516  2198  9873 D NxpNciX : len =  10 > 20020702310100380101
01-18 16:05:10.517  2198  9872 D NxpNciR : len =   5 > 4002020000
01-18 16:05:10.519  2198  9873 D NxpNciX : len =  28 > 2103190C000101010201030105018001810182018301850106017001
01-18 16:05:10.520  2198  9872 D NxpNciR : len =   4 > 41030100
01-18 16:05:10.552  2198  9872 D NxpNciR : len =  20 > 6103110104000C44030740000000000017012002
01-18 16:05:10.553  2198  9872 D NxpNciR : len =  20 > 6103110280000C44030740000000000017010800
01-18 16:05:10.555  2198  9873 D NxpNciX : len =   4 > 21060100
01-18 16:05:10.555  2198  9872 D NxpNciR : len =   4 > 41060100
01-18 16:05:10.558  2198  9873 D NxpNciX : len =  10 > 20020702310100380101
01-18 16:05:10.559  2198  9872 D NxpNciR : len =   5 > 4002020000
01-18 16:05:10.560  2198  9873 D NxpNciX : len =  16 > 21030D06020180018101820183018501
01-18 16:05:10.562  2198  9872 D NxpNciR : len =   4 > 41030100
01-18 16:05:10.594  2198  9872 D NxpNciR : len =  68 > 61054101030502FB0112011001FE141B30EAE6EFFFFFFFFFFFFFFFFF020202242301FE141B30EAE6EF00000000000E3246666D010112020207FF03020013040164070103
01-18 16:05:10.605  2198  9873 D NxpNciX : len =  26 > 0000170520061375726E3A6E66633A736E3A68616E646F766572
01-18 16:05:10.606  2198  9872 D NxpNciR : len =   6 > 600603010001
01-18 16:05:12.081  2198  9873 D NxpNciX : len =   4 > 21060103
01-18 16:05:12.083  2198  9872 D NxpNciR : len =   4 > 41060100
01-18 16:05:12.085  2198  9872 D NxpNciR : len =   5 > 600802B200
01-18 16:05:12.088  2198  9872 D NxpNciR : len =   5 > 6106020300
01-18 16:05:12.095  2198  9873 D NxpNciX : len =   4 > 21060100
01-18 16:05:12.096  2198  9872 D NxpNciR : len =   4 > 41060100
