05-22 09:12:11.522 D/NxpNciX ( 1247): len =   4 > 20000101
05-22 09:12:11.550 D/NxpNciR ( 1247): len =   6 > 400003001101
05-22 09:12:11.554 D/NxpNciX ( 1247): len =   3 > 200100
05-22 09:12:11.556 D/NxpNciR ( 1247): len =  28 > 40011900031E030008000102038081828302D002FF0200043810011A
05-22 09:12:11.561 D/NxpNciX ( 1247): len =   6 > 20030301A005
05-22 09:12:11.564 D/NxpNciR ( 1247): len =   9 > 4003060001A0050100
05-22 09:12:11.569 D/NxpNciX ( 1247): len =   4 > 20000101
05-22 09:12:11.573 D/NxpNciR ( 1247): len =   6 > 400003001101
05-22 09:12:11.576 D/NxpNciX ( 1247): len =   3 > 200100
05-22 09:12:11.580 D/NxpNciR ( 1247): len =  28 > 40011900031E030008000102038081828302D002FF0200043810011A
05-22 09:12:11.584 D/NxpNciX ( 1247): len =   3 > 2F0200
05-22 09:12:11.585 D/NxpNciR ( 1247): len =   8 > 4F0205000000A1A8
05-22 09:12:11.588 D/NxpNciX ( 1247): len =  10 > 20030703A002A003A004
05-22 09:12:11.591 D/NxpNciR ( 1247): len =  17 > 40030E0003A0020101A0030111A004011A
05-22 09:12:11.594 D/NxpNciX ( 1247): len =  12 > 20020902A0030111A004011A
05-22 09:12:11.596 D/NxpNciR ( 1247): len =   5 > 4002020000
05-22 09:12:11.598 D/NxpNciX ( 1247): len =  26 > 20021702A0EA08FFFFFFFFFFFFFFFFA0EB08FFFFFFFFFFFFFFFF
05-22 09:12:11.601 D/NxpNciR ( 1247): len =   5 > 4002020000
05-22 09:12:11.603 D/NxpNciX ( 1247): len =   8 > 20020501A0440100
05-22 09:12:11.605 D/NxpNciR ( 1247): len =   5 > 4002020000
05-22 09:12:11.608 D/NxpNciX ( 1247): len =  14 > 20020B02A0660100A00E03020900
05-22 09:12:11.610 D/NxpNciR ( 1247): len =   5 > 4002020000
05-22 09:12:11.613 D/NxpNciX ( 1247): len =  28 > 20021906A0EC0101A0ED0100A05E0101A0400101A0DD012DA0960101
05-22 09:12:11.616 D/NxpNciR ( 1247): len =   5 > 4002020000
05-22 09:12:11.619 D/NxpNciX ( 1247): len =   8 > 20020501A0620101
05-22 09:12:11.620 D/NxpNciR ( 1247): len =   5 > 4002020000
05-22 09:12:11.623 D/NxpNciX ( 1247): len =   9 > 20020601A0F3021027
05-22 09:12:11.625 D/NxpNciR ( 1247): len =   5 > 4002020000
05-22 09:12:11.627 D/NxpNciX ( 1247): len =   6 > 20030301A085
05-22 09:12:11.629 D/NxpNciR ( 1247): len =  12 > 4003090001A0850450082800
05-22 09:12:11.631 D/NxpNciX ( 1247): len =   4 > 2F000101
05-22 09:12:11.633 D/NxpNciR ( 1247): len =   4 > 4F000100
05-22 09:12:11.636 D/NxpNciX ( 1247): len =  46 > 20022B0D2801002101003001083101033304010203045401065001025B010060010E80010181010182010E180101
05-22 09:12:11.657 D/NxpNciR ( 1247): len =   5 > 4002020000
05-22 09:12:11.659 D/NxpNciX ( 1247): len =  10 > 21010700010103000105
05-22 09:12:11.666 D/NxpNciR ( 1247): len =   4 > 41010100
05-22 09:12:11.668 D/NxpNciX ( 1247): len =   8 > 20020501A0F10100
05-22 09:12:11.670 D/NxpNciR ( 1247): len =   5 > 4002020000
05-22 09:12:11.672 D/NxpNciX ( 1247): len =   8 > 20020501A0910101
05-22 09:12:11.674 D/NxpNciR ( 1247): len =   5 > 4002020000
05-22 09:12:11.676 D/NxpNciX ( 1247): len =  16 > 21000D04040302050303800180030201
05-22 09:12:11.692 D/NxpNciR ( 1247): len =   4 > 41000100
05-22 09:12:11.694 D/NxpNciX ( 1247): len =   4 > 22000101
05-22 09:12:11.699 D/NxpNciR ( 1247): len =   5 > 4200020001
05-22 09:12:11.702 D/NxpNciR ( 1247): len =   8 > 6200050101010100
05-22 09:12:11.704 D/NxpNciX ( 1247): len =   9 > 200406030101020101
05-22 09:12:11.705 D/NxpNciR ( 1247): len =   7 > 40040400FF0103
05-22 09:12:11.707 D/NxpNciX ( 1247): len =   5 > 0300028103
05-22 09:12:11.709 D/NxpNciR ( 1247): len =   6 > 600603010301
05-22 09:12:11.712 D/NxpNciR ( 1247): len =   5 > 0300028180
05-22 09:12:11.714 D/NxpNciX ( 1247): len =   8 > 03000581010302C0
05-22 09:12:11.716 D/NxpNciR ( 1247): len =   6 > 600603010301
05-22 09:12:11.719 D/NxpNciR ( 1247): len =   5 > 0300028180
05-22 09:12:11.721 D/NxpNciX ( 1247): len =  14 > 03000B81010155C5110051C51100
05-22 09:12:11.728 D/NxpNciR ( 1247): len =   6 > 600603010301
05-22 09:12:11.731 D/NxpNciR ( 1247): len =   5 > 0300028180
05-22 09:12:11.733 D/NxpNciX ( 1247): len =   5 > 2201020101
05-22 09:12:11.738 D/NxpNciR ( 1247): len =   4 > 42010100
05-22 09:12:11.742 D/NxpNciR ( 1247): len =   8 > 6200050202018000
05-22 09:12:11.892 D/NxpNciX ( 1247): len =   6 > 030003810204
05-22 09:12:11.894 D/NxpNciR ( 1247): len =   6 > 600603010301
05-22 09:12:11.899 D/NxpNciR ( 1247): len =   7 > 030004818000C0
05-22 09:12:11.921 D/NxpNciX ( 1247): len =   6 > 20030301A0F0
05-22 09:12:11.926 D/NxpNciR ( 1247): len =  77 > 40034A0001A0F04500FF000000000000000000000000000000000000000000000000000000000000EE000103030000FF000000000000000000E400000000000000000000000000000000030300
05-22 09:12:11.929 D/NxpNciX ( 1247): len =   8 > 20030502A0ECA0ED
05-22 09:12:11.932 D/NxpNciR ( 1247): len =  13 > 40030A0002A0EC0101A0ED0100
05-22 09:12:11.935 D/NxpNciX ( 1247): len =   6 > 20030301A0EF
05-22 09:12:11.940 D/NxpNciR ( 1247): len =  77 > 40034A0001A0EF4500FF000000000000000000000000000000000000000000000000000000000000EE000103030000FF000000000000000000E400000000000000000000000000000000030300
05-22 09:12:11.943 D/NxpNciX ( 1247): len =   8 > 20020501A0C00104
05-22 09:12:11.945 D/NxpNciR ( 1247): len =   5 > 4002020000
05-22 09:12:11.949 D/NxpNciX ( 1247): len =   8 > 20020501A0070103
05-22 09:12:11.953 D/NxpNciR ( 1247): len =   5 > 4002020000
05-22 09:12:11.976 D/NxpNciX ( 1247): len =  25 > 21011600040103004103010300410401030041A00103000105
05-22 09:12:11.989 D/NxpNciR ( 1247): len =   4 > 41010100
05-22 09:12:13.050 D/NxpNciX ( 1247): len =  19 > 20021005320120300104310100380101500100
05-22 09:12:13.068 D/NxpNciR ( 1247): len =   5 > 4002020000
05-22 09:12:13.072 D/NxpNciX ( 1247): len =   8 > 200205010002F401
05-22 09:12:13.077 D/NxpNciR ( 1247): len =   5 > 4002020000
05-22 09:12:13.080 D/NxpNciX ( 1247): len =   8 > 2103050280018101
05-22 09:12:13.083 D/NxpNciR ( 1247): len =   4 > 41030100
05-22 09:12:13.087 D/NxpNciX ( 1247): len =   4 > 21060100
05-22 09:12:13.091 D/NxpNciR ( 1247): len =   4 > 41060100
05-22 09:12:13.097 D/NxpNciX ( 1247): len =  26 > 20021701291446666D010112020207FF03020013040164070103
05-22 09:12:13.105 D/NxpNciR ( 1247): len =   5 > 4002020000
05-22 09:12:13.108 D/NxpNciX ( 1247): len =  29 > 20021A02611446666D010112020207FF03020013040164070103600107
05-22 09:12:13.122 D/NxpNciR ( 1247): len =   5 > 4002020000
05-22 09:12:13.125 D/NxpNciX ( 1247): len =  16 > 20020D04320160310100380101500102
05-22 09:12:13.134 D/NxpNciR ( 1247): len =   5 > 4002020000
05-22 09:12:13.137 D/NxpNciX ( 1247): len =  28 > 2103190C000101010201030105018001810182018301850106017001
05-22 09:12:13.140 D/NxpNciR ( 1247): len =   4 > 41030100


